<?xml version="1.0" encoding="UTF-8"?>
<!-- Generated by org.testng.reporters.JUnitReportReporter -->
<testsuite skipped="0" hostname="DESKTOP-RQ9AFM9" name="TestNgSessions.TestNgAnnotations" tests="4" failures="0" timestamp="12 Aug 2020 15:03:02 GMT" time="0.016" errors="0">
  <testcase name="homePageAdvSearchTest" time="0.009" classname="TestNgSessions.TestNgAnnotations"/>
  <testcase name="homePageSearchTest" time="0.001" classname="TestNgSessions.TestNgAnnotations"/>
  <testcase name="homePageProfileTest" time="0.002" classname="TestNgSessions.TestNgAnnotations"/>
  <testcase name="homePageTitleTest" time="0.004" classname="TestNgSessions.TestNgAnnotations"/>
</testsuite> <!-- TestNgSessions.TestNgAnnotations -->
