<?xml version="1.0" encoding="UTF-8"?>
<!-- Generated by org.testng.reporters.JUnitReportReporter -->
<testsuite skipped="0" hostname="DESKTOP-RQ9AFM9" name="app.tests.FreshWorksTest" tests="2" failures="0" timestamp="18 Aug 2020 12:26:38 GMT" time="34.632" errors="0">
  <testcase name="freshWorkURLTest" time="17.492" classname="app.tests.FreshWorksTest"/>
  <testcase name="freshWorkTitleTest" time="17.140" classname="app.tests.FreshWorksTest"/>
</testsuite> <!-- app.tests.FreshWorksTest -->
