<?xml version="1.0" encoding="UTF-8"?>
<!-- Generated by org.testng.reporters.JUnitReportReporter -->
<testsuite skipped="0" hostname="DESKTOP-RQ9AFM9" name="app.tests.GoogleTest" tests="2" failures="0" timestamp="18 Aug 2020 12:26:38 GMT" time="24.805" errors="0">
  <testcase name="googleURLTest" time="9.258" classname="app.tests.GoogleTest"/>
  <testcase name="googleTitleTest" time="15.547" classname="app.tests.GoogleTest"/>
</testsuite> <!-- app.tests.GoogleTest -->
